00:00:00.003486 main     VirtualBox COM Server 6.1.36 r152435 win.amd64 (Jul 19 2022 21:51:27) release log
00:00:00.003487 main     Log opened 2022-08-17T07:27:32.670474400Z
00:00:00.003488 main     Build Type: release
00:00:00.003500 main     OS Product: Windows 11
00:00:00.003500 main     OS Release: 10.0.22000
00:00:00.003501 main     OS Service Pack: 
00:00:00.024905 main     DMI Product Name: HP Laptop 15s-fq4xxx
00:00:00.036627 main     DMI Product Version:  
00:00:00.036636 main     Firmware type: UEFI
00:00:00.036887 main     Secure Boot: VERR_PRIVILEGE_NOT_HELD
00:00:00.036906 main     Host RAM: 7834MB (7.6GB) total, 1709MB available
00:00:00.036910 main     Executable: C:\Program Files\Oracle\VirtualBox\VBoxSVC.exe
00:00:00.036910 main     Process ID: 19012
00:00:00.036911 main     Package type: WINDOWS_64BITS_GENERIC
00:00:00.124174          VirtualBox: object creation starts
00:00:00.124514          Home directory: 'C:\Users\sureshkanni\.VirtualBox'
00:00:00.124899          Installed Drivers:
00:00:00.131347            C:\windows\system32\DRIVERS\VBoxNetLwf.sys (Version: 6.1.36.2435)
00:00:00.132504            C:\windows\system32\DRIVERS\VBoxUSBMon.sys (Version: 6.1.36.2435)
00:00:00.133351            C:\windows\system32\DRIVERS\VBoxSup.sys (Version: 6.1.36.2435)
00:00:00.134663            C:\windows\system32\DRIVERS\VBoxNetAdp6.sys (Version: 6.1.36.2435)
00:00:00.142878          Loading settings file "C:\Users\sureshkanni\.VirtualBox\VirtualBox.xml" with version "1.12-windows"
00:00:00.145529          usbLibGetDevices: Starting USB device enumeration
00:00:00.147209          Getting USB descriptor (id 0) failed (dwErr=31) on hub USB#ROOT_HUB30#4&25d622de&0&0#{f18a0e88-c30c-11d0-8815-00a0c906bed8} port 3
00:00:00.150927          usbLibGetDevices: Found 3 USB devices, 0 captured
00:00:00.151382          USB: Unknown USB device detected (idVendor: 0x0408, idProduct: 0x5365)
00:00:00.240297          HostDnsMonitor: initializing
00:00:00.247227          HostDnsMonitor: updating information
00:00:00.247305          HostDnsMonitor: old information
00:00:00.247305            no server entries
00:00:00.247306            no domain set
00:00:00.247307            no search string entries
00:00:00.247307          HostDnsMonitor: new information
00:00:00.247307            server 1: 192.168.29.1
00:00:00.247308            no domain set
00:00:00.247308            no search string entries
00:00:00.297677          VD: VDInit finished with VINF_SUCCESS
00:00:00.300509          Loading settings file "C:\Users\sureshkanni\VirtualBox VMs\jenkins\jenkins.vbox" with version "1.16-windows"
00:00:00.302521          VirtualBox: object created
00:00:06.025436          Saving settings file "C:\Users\sureshkanni\.VirtualBox\VirtualBox.xml" with version "1.12-windows"
00:00:06.034470          Saving settings file "C:\Users\sureshkanni\.VirtualBox\VirtualBox.xml" with version "1.12-windows"
00:31:43.067393 USBPROXY usbLibGetDevices: Starting USB device enumeration
00:31:43.068776 USBPROXY Getting USB descriptor (id 0) failed (dwErr=31) on hub USB#ROOT_HUB30#4&25d622de&0&0#{f18a0e88-c30c-11d0-8815-00a0c906bed8} port 3
00:31:43.068845 USBPROXY Getting USB descriptor (id 0) failed (dwErr=31) on hub USB#ROOT_HUB30#4&25d622de&0&0#{f18a0e88-c30c-11d0-8815-00a0c906bed8} port 10
00:31:43.069018 USBPROXY usbLibGetDevices: Found 3 USB devices, 0 captured
00:31:43.069819 USBPROXY USB: Unknown USB device detected (idVendor: 0x13d3, idProduct: 0x3567)
00:33:07.722705 USBPROXY usbLibGetDevices: Starting USB device enumeration
00:33:07.724297 USBPROXY Getting USB descriptor (id 0) failed (dwErr=31) on hub USB#ROOT_HUB30#4&25d622de&0&0#{f18a0e88-c30c-11d0-8815-00a0c906bed8} port 3
00:33:07.724904 USBPROXY Getting USB descriptor (id 0) failed (dwErr=31) on hub USB#ROOT_HUB30#4&25d622de&0&0#{f18a0e88-c30c-11d0-8815-00a0c906bed8} port 10
00:33:07.725438 USBPROXY usbLibGetDevices: Found 3 USB devices, 0 captured
00:33:09.130326 USBPROXY usbLibGetDevices: Starting USB device enumeration
00:33:09.132161 USBPROXY Getting USB descriptor (id 0) failed (dwErr=31) on hub USB#ROOT_HUB30#4&25d622de&0&0#{f18a0e88-c30c-11d0-8815-00a0c906bed8} port 3
00:33:09.132417 USBPROXY Getting USB descriptor (id 0) failed (dwErr=31) on hub USB#ROOT_HUB30#4&25d622de&0&0#{f18a0e88-c30c-11d0-8815-00a0c906bed8} port 10
00:33:09.132673 USBPROXY usbLibGetDevices: Found 3 USB devices, 0 captured
00:33:10.363178 USBPROXY usbLibGetDevices: Starting USB device enumeration
00:33:10.364383 USBPROXY Getting USB descriptor (id 0) failed (dwErr=31) on hub USB#ROOT_HUB30#4&25d622de&0&0#{f18a0e88-c30c-11d0-8815-00a0c906bed8} port 3
00:33:10.364435 USBPROXY Getting USB descriptor (id 0) failed (dwErr=31) on hub USB#ROOT_HUB30#4&25d622de&0&0#{f18a0e88-c30c-11d0-8815-00a0c906bed8} port 10
00:33:10.365581 USBPROXY usbLibGetDevices: Found 3 USB devices, 0 captured
00:33:11.089350 USBPROXY usbLibGetDevices: Starting USB device enumeration
00:33:11.092410 USBPROXY Getting USB descriptor (id 0) failed (dwErr=31) on hub USB#ROOT_HUB30#4&25d622de&0&0#{f18a0e88-c30c-11d0-8815-00a0c906bed8} port 3
00:33:11.092525 USBPROXY Getting USB descriptor (id 0) failed (dwErr=31) on hub USB#ROOT_HUB30#4&25d622de&0&0#{f18a0e88-c30c-11d0-8815-00a0c906bed8} port 10
00:33:11.092731 USBPROXY usbLibGetDevices: Found 3 USB devices, 0 captured
00:33:12.185885 USBPROXY usbLibGetDevices: Starting USB device enumeration
00:33:12.187373 USBPROXY Getting USB descriptor (id 0) failed (dwErr=31) on hub USB#ROOT_HUB30#4&25d622de&0&0#{f18a0e88-c30c-11d0-8815-00a0c906bed8} port 3
00:33:12.187495 USBPROXY Getting USB descriptor (id 0) failed (dwErr=31) on hub USB#ROOT_HUB30#4&25d622de&0&0#{f18a0e88-c30c-11d0-8815-00a0c906bed8} port 10
00:33:12.187766 USBPROXY usbLibGetDevices: Found 3 USB devices, 0 captured
00:33:13.433695 USBPROXY usbLibGetDevices: Starting USB device enumeration
00:33:13.435916 USBPROXY Getting USB descriptor (id 0) failed (dwErr=31) on hub USB#ROOT_HUB30#4&25d622de&0&0#{f18a0e88-c30c-11d0-8815-00a0c906bed8} port 3
00:33:13.436015 USBPROXY Getting USB descriptor (id 0) failed (dwErr=31) on hub USB#ROOT_HUB30#4&25d622de&0&0#{f18a0e88-c30c-11d0-8815-00a0c906bed8} port 10
00:33:13.436264 USBPROXY usbLibGetDevices: Found 3 USB devices, 0 captured
00:33:15.091890 USBPROXY usbLibGetDevices: Starting USB device enumeration
00:33:15.093249 USBPROXY Getting USB descriptor (id 0) failed (dwErr=31) on hub USB#ROOT_HUB30#4&25d622de&0&0#{f18a0e88-c30c-11d0-8815-00a0c906bed8} port 3
00:33:15.093325 USBPROXY Getting USB descriptor (id 0) failed (dwErr=31) on hub USB#ROOT_HUB30#4&25d622de&0&0#{f18a0e88-c30c-11d0-8815-00a0c906bed8} port 10
00:33:15.093506 USBPROXY usbLibGetDevices: Found 3 USB devices, 0 captured
01:34:11.944848 USBPROXY usbLibGetDevices: Starting USB device enumeration
01:34:11.946598 USBPROXY Getting USB descriptor (id 0) failed (dwErr=31) on hub USB#ROOT_HUB30#4&25d622de&0&0#{f18a0e88-c30c-11d0-8815-00a0c906bed8} port 3
01:34:11.949423 USBPROXY usbLibGetDevices: Found 3 USB devices, 0 captured
01:35:39.674728 USBPROXY usbLibGetDevices: Starting USB device enumeration
01:35:39.676460 USBPROXY Getting USB descriptor (id 0) failed (dwErr=31) on hub USB#ROOT_HUB30#4&25d622de&0&0#{f18a0e88-c30c-11d0-8815-00a0c906bed8} port 3
01:35:39.680994 USBPROXY usbLibGetDevices: Found 3 USB devices, 0 captured
02:00:10.311858 USBPROXY usbLibGetDevices: Starting USB device enumeration
02:00:10.313586 USBPROXY Getting USB descriptor (id 0) failed (dwErr=31) on hub USB#ROOT_HUB30#4&25d622de&0&0#{f18a0e88-c30c-11d0-8815-00a0c906bed8} port 3
02:00:10.316218 USBPROXY usbLibGetDevices: Found 3 USB devices, 0 captured
02:01:02.045454 USBPROXY usbLibGetDevices: Starting USB device enumeration
02:01:02.046916 USBPROXY Getting USB descriptor (id 0) failed (dwErr=31) on hub USB#ROOT_HUB30#4&25d622de&0&0#{f18a0e88-c30c-11d0-8815-00a0c906bed8} port 3
02:01:02.050253 USBPROXY usbLibGetDevices: Found 3 USB devices, 0 captured
02:01:20.501370          Saving settings file "C:\Users\sureshkanni\.VirtualBox\VirtualBox.xml" with version "1.12-windows"
02:01:20.508705          Saving settings file "C:\Users\sureshkanni\.VirtualBox\VirtualBox.xml" with version "1.12-windows"
02:01:26.063730 main     VirtualBox: object deletion starts
02:01:26.064942 main     ERROR [COM]: aRC=VBOX_E_OBJECT_IN_USE (0x80bb000c) aIID={ad47ad09-787b-44ab-b343-a082a3f2dfb1} aComponent={MediumWrap} aText={Medium 'C:\Users\sureshkanni\VirtualBox VMs\jenkins\jenkins.vdi' cannot be closed because it is still attached to 1 virtual machines}, preserve=false aResultDetail=0
02:01:26.077083 main     HostDnsMonitor: shutting down ...
02:01:26.077238 main     HostDnsMonitor: shut down
02:01:26.081545 Watcher  ERROR [COM]: aRC=E_ACCESSDENIED (0x80070005) aIID={d0a0163f-e254-4e5b-a1f2-011cf991c38d} aComponent={VirtualBoxWrap} aText={The object is not ready}, preserve=false aResultDetail=0
02:01:26.083171 main     VirtualBox: object deleted
